<?xml version="1.0" encoding="UTF-8"?>
<!-- Generated by org.testng.reporters.JUnitXMLReporter -->
<testsuite ignored="27" hostname="ASN69" failures="0" tests="1" name="Default test" time="18.148" errors="0" timestamp="2022-10-02T01:34:07 EDT">
  <testcase classname="page.HomePageTest" name="setASpecificSizeOfWindow" time="11.913"/>
  <testcase classname="page.HomePageTest" name="use_of_getTitle" time="0.0">
    <ignored/>
  </testcase> <!-- use_of_getTitle -->
  <testcase classname="page.HomePageTest" name="searchInput" time="0.0">
    <ignored/>
  </testcase> <!-- searchInput -->
  <testcase classname="page.HomePageTest" name="use_of_sendKeys_mathod" time="0.0">
    <ignored/>
  </testcase> <!-- use_of_sendKeys_mathod -->
  <testcase classname="page.HomePageTest" name="logotest1" time="0.0">
    <ignored/>
  </testcase> <!-- logotest1 -->
  <testcase classname="page.HomePageTest" name="logoTest3" time="0.0">
    <ignored/>
  </testcase> <!-- logoTest3 -->
  <testcase classname="page.HomePageTest" name="searchButtonTest1" time="0.0">
    <ignored/>
  </testcase> <!-- searchButtonTest1 -->
  <testcase classname="page.HomePageTest" name="menButtonTest" time="0.0">
    <ignored/>
  </testcase> <!-- menButtonTest -->
  <testcase classname="page.HomePageTest" name="privacyRightTest" time="0.0">
    <ignored/>
  </testcase> <!-- privacyRightTest -->
  <testcase classname="page.HomePageTest" name="signInButtonTest" time="0.0">
    <ignored/>
  </testcase> <!-- signInButtonTest -->
  <testcase classname="page.HomePageTest" name="use_of_getText" time="0.0">
    <ignored/>
  </testcase> <!-- use_of_getText -->
  <testcase classname="page.HomePageTest" name="allCategories" time="0.0">
    <ignored/>
  </testcase> <!-- allCategories -->
  <testcase classname="page.HomePageTest" name="use_of_navigate_method" time="0.0">
    <ignored/>
  </testcase> <!-- use_of_navigate_method -->
  <testcase classname="page.HomePageTest" name="shopTest" time="0.0">
    <ignored/>
  </testcase> <!-- shopTest -->
  <testcase classname="page.HomePageTest" name="newfeaturedTest1" time="0.0">
    <ignored/>
  </testcase> <!-- newfeaturedTest1 -->
  <testcase classname="page.HomePageTest" name="use_of_sendKeys_mathod_then_click_submit_and_then_clear" time="0.0">
    <ignored/>
  </testcase> <!-- use_of_sendKeys_mathod_then_click_submit_and_then_clear -->
  <testcase classname="page.HomePageTest" name="userIdFeildClickTest" time="0.0">
    <ignored/>
  </testcase> <!-- userIdFeildClickTest -->
  <testcase classname="page.HomePageTest" name="use_of_getAttribute_method" time="0.0">
    <ignored/>
  </testcase> <!-- use_of_getAttribute_method -->
  <testcase classname="page.HomePageTest" name="getHelpTest" time="0.0">
    <ignored/>
  </testcase> <!-- getHelpTest -->
  <testcase classname="page.HomePageTest" name="logoTest" time="0.0">
    <ignored/>
  </testcase> <!-- logoTest -->
  <testcase classname="page.HomePageTest" name="use_of_getCureentUrl_method" time="0.0">
    <ignored/>
  </testcase> <!-- use_of_getCureentUrl_method -->
  <testcase classname="page.HomePageTest" name="newFeaturedTest" time="0.0">
    <ignored/>
  </testcase> <!-- newFeaturedTest -->
  <testcase classname="page.HomePageTest" name="userNameTest" time="0.0">
    <ignored/>
  </testcase> <!-- userNameTest -->
  <testcase classname="page.HomePageTest" name="signIn" time="0.0">
    <ignored/>
  </testcase> <!-- signIn -->
  <testcase classname="page.HomePageTest" name="searchButtonTest" time="0.0">
    <ignored/>
  </testcase> <!-- searchButtonTest -->
  <testcase classname="page.HomePageTest" name="nextbuttonTest" time="0.0">
    <ignored/>
  </testcase> <!-- nextbuttonTest -->
  <testcase classname="page.HomePageTest" name="userIdfieldTest" time="0.0">
    <ignored/>
  </testcase> <!-- userIdfieldTest -->
  <testcase classname="page.HomePageTest" name="cartTest" time="0.0">
    <ignored/>
  </testcase> <!-- cartTest -->
</testsuite> <!-- Default test -->
