<?xml version="1.0" encoding="UTF-8"?>
<testng-results ignored="27" total="28" passed="1" failed="0" skipped="0">
  <reporter-output>
  </reporter-output>
  <suite started-at="2022-10-02T01:33:48 EDT" name="Default suite" finished-at="2022-10-02T01:34:07 EDT" duration-ms="18148">
    <groups>
    </groups>
    <test started-at="2022-10-02T01:33:48 EDT" name="Default test" finished-at="2022-10-02T01:34:07 EDT" duration-ms="18148">
      <class name="page.HomePageTest">
        <test-method is-config="true" signature="setup()[pri:0, instance:page.HomePageTest@3f6b0be5]" started-at="2022-10-02T01:33:48 EDT" name="setup" finished-at="2022-10-02T01:33:55 EDT" duration-ms="6079" status="PASS">
          <reporter-output>
          </reporter-output>
        </test-method> <!-- setup -->
        <test-method signature="setASpecificSizeOfWindow()[pri:0, instance:page.HomePageTest@3f6b0be5]" started-at="2022-10-02T01:33:55 EDT" name="setASpecificSizeOfWindow" finished-at="2022-10-02T01:34:06 EDT" duration-ms="11913" status="PASS">
          <reporter-output>
          </reporter-output>
        </test-method> <!-- setASpecificSizeOfWindow -->
        <test-method is-config="true" signature="tearup()[pri:0, instance:page.HomePageTest@3f6b0be5]" started-at="2022-10-02T01:34:06 EDT" name="tearup" finished-at="2022-10-02T01:34:07 EDT" duration-ms="131" status="PASS">
          <reporter-output>
          </reporter-output>
        </test-method> <!-- tearup -->
      </class> <!-- page.HomePageTest -->
    </test> <!-- Default test -->
  </suite> <!-- Default suite -->
</testng-results>
